0 4 0
64 1 64 
163 1 163 
171 1 79 
191 1 191 
1 0 0
79 1 171 
1 0 0
100 1 142 
1 1 0
76 1 76 
91 1 100 
0 0 0
1 2 0
196 1 92 
5 1 5 
126 1 2 
0 1 0
49 1 196 
2 0 0
92 1 164 
168 1 87 
0 1 0
16 1 16 
0 0 0
0 0 0
0 1 0
130 1 54 
0 0 0
0 0 0
0 1 0
148 1 88 
0 1 0
186 1 1 
1 0 0
139 1 17 
1 0 0
140 1 27 
0 0 0
2 1 0
165 1 97 
173 1 1 
108 1 26 
1 0 0
81 1 19 
0 1 0
31 1 31 
0 2 0
102 1 27 
141 1 39 
1 0 0
146 1 1 
2 0 0
57 1 153 
101 1 10 
2 0 0
22 1 142 
29 1 186 
0 0 0
1 0 0
183 1 183 
1 0 0
46 1 46 
1 0 0
147 1 62 
0 0 0
0 0 0
0 0 0
0 0 0
0 0 0
1 0 0
177 1 177 
0 0 0
0 0 0
0 0 0
1 0 0
56 1 153 
1 0 0
19 1 164 
0 0 0
1 0 0
21 1 175 
0 0 0
0 0 0
0 1 0
151 1 151 
0 0 0
0 0 0
0 0 0
0 0 0
1 0 0
174 1 36 
0 1 0
66 1 175 
1 0 0
34 1 110 
0 1 0
157 1 39 
0 0 0
0 0 0
0 0 0
1 0 0
145 1 39 
0 0 0
0 1 0
195 1 195 
0 0 0
0 0 0
1 0 0
13 1 170 
0 0 0
0 0 0
0 0 0
0 0 0
0 0 0
0 0 0
0 0 0
0 0 0
0 0 0
0 0 0
0 0 0
0 0 0
0 0 0
0 0 0
0 0 0
0 0 0
0 0 0
0 1 0
103 1 60 
0 0 0
1 0 0
129 1 129 
0 0 0
0 0 0
0 0 0
0 0 0
1 0 0
119 1 3 
0 1 0
181 1 94 
1 0 0
99 1 172 
0 0 0
0 0 0
0 0 0
0 0 0
1 0 0
86 1 120 
0 0 0
0 1 0
68 1 68 
0 1 0
182 1 182 
1 0 0
98 1 172 
1 0 0
125 1 125 
